<?xml version="1.0" encoding="UTF-8"?>
<coverage generated="1673442559834" clover="3.2.0">
  <project timestamp="1673442559834" name="All files">
    <metrics statements="28" coveredstatements="23" conditionals="1" coveredconditionals="1" methods="2" coveredmethods="1" elements="31" coveredelements="25" complexity="0" loc="28" ncloc="28" packages="1" files="2" classes="2"/>
    <file name="state.js" path="/Users/vladislavbabaev/Documents/Hexlet/frontend-project-11/src/state.js">
      <metrics statements="10" coveredstatements="10" conditionals="0" coveredconditionals="0" methods="0" coveredmethods="0"/>
      <line num="1" count="1" type="stmt"/>
      <line num="2" count="1" type="stmt"/>
      <line num="3" count="1" type="stmt"/>
      <line num="4" count="1" type="stmt"/>
      <line num="5" count="1" type="stmt"/>
      <line num="6" count="1" type="stmt"/>
      <line num="7" count="1" type="stmt"/>
      <line num="8" count="1" type="stmt"/>
      <line num="9" count="1" type="stmt"/>
      <line num="10" count="1" type="stmt"/>
    </file>
    <file name="utils.js" path="/Users/vladislavbabaev/Documents/Hexlet/frontend-project-11/src/utils.js">
      <metrics statements="18" coveredstatements="13" conditionals="1" coveredconditionals="1" methods="2" coveredmethods="1"/>
      <line num="1" count="1" type="stmt"/>
      <line num="2" count="1" type="stmt"/>
      <line num="3" count="1" type="stmt"/>
      <line num="4" count="1" type="cond" truecount="1" falsecount="0"/>
      <line num="5" count="1" type="stmt"/>
      <line num="6" count="1" type="stmt"/>
      <line num="7" count="1" type="stmt"/>
      <line num="8" count="1" type="stmt"/>
      <line num="9" count="1" type="stmt"/>
      <line num="10" count="1" type="stmt"/>
      <line num="11" count="1" type="stmt"/>
      <line num="12" count="1" type="stmt"/>
      <line num="13" count="1" type="stmt"/>
      <line num="14" count="0" type="stmt"/>
      <line num="15" count="0" type="stmt"/>
      <line num="16" count="0" type="stmt"/>
      <line num="17" count="0" type="stmt"/>
      <line num="18" count="0" type="stmt"/>
    </file>
  </project>
</coverage>
